c:\users\zhimi\documents\dingz\anit11\software\calib\pcrproject-calib18-try139\debug\pcrproject.pch
c:\users\zhimi\documents\dingz\anit11\software\calib\pcrproject-calib18-try139\debug\vc141.pdb
c:\users\zhimi\documents\dingz\anit11\software\calib\pcrproject-calib18-try139\debug\vc141.idb
c:\users\zhimi\documents\dingz\anit11\software\calib\pcrproject-calib18-try139\debug\stdafx.obj
c:\users\zhimi\documents\dingz\anit11\software\calib\pcrproject-calib18-try139\debug\gradlg.obj
c:\users\zhimi\documents\dingz\anit11\software\calib\pcrproject-calib18-try139\debug\inttimedlg.obj
c:\users\zhimi\documents\dingz\anit11\software\calib\pcrproject-calib18-try139\debug\pcrproject.obj
c:\users\zhimi\documents\dingz\anit11\software\calib\pcrproject-calib18-try139\debug\pcrprojectdlg.obj
c:\users\zhimi\documents\dingz\anit11\software\calib\pcrproject-calib18-try139\debug\thetestdlg.obj
c:\users\zhimi\documents\dingz\anit11\software\calib\pcrproject-calib18-try139\debug\trimdlg.obj
c:\users\zhimi\documents\dingz\anit11\software\calib\pcrproject-calib18-try139\debug\trimreader.obj
c:\users\zhimi\documents\dingz\anit11\software\calib\pcrproject-calib18-try139\debug\pcrproject.exe
c:\users\zhimi\documents\dingz\anit11\software\calib\pcrproject-calib18-try139\debug\pcrproject.ilk
c:\users\zhimi\documents\dingz\anit11\software\calib\pcrproject-calib18-try139\debug\pcrproject.pdb
c:\users\zhimi\documents\dingz\anit11\software\calib\pcrproject-calib18-try139\debug\pcrproject.res
c:\users\zhimi\documents\dingz\anit11\software\calib\pcrproject-calib18-try139\debug\pcrproject.tlog\cl.command.1.tlog
c:\users\zhimi\documents\dingz\anit11\software\calib\pcrproject-calib18-try139\debug\pcrproject.tlog\cl.read.1.tlog
c:\users\zhimi\documents\dingz\anit11\software\calib\pcrproject-calib18-try139\debug\pcrproject.tlog\cl.write.1.tlog
c:\users\zhimi\documents\dingz\anit11\software\calib\pcrproject-calib18-try139\debug\pcrproject.tlog\link.command.1.tlog
c:\users\zhimi\documents\dingz\anit11\software\calib\pcrproject-calib18-try139\debug\pcrproject.tlog\link.read.1.tlog
c:\users\zhimi\documents\dingz\anit11\software\calib\pcrproject-calib18-try139\debug\pcrproject.tlog\link.write.1.tlog
c:\users\zhimi\documents\dingz\anit11\software\calib\pcrproject-calib18-try139\debug\pcrproject.tlog\rc.command.1.tlog
c:\users\zhimi\documents\dingz\anit11\software\calib\pcrproject-calib18-try139\debug\pcrproject.tlog\rc.read.1.tlog
c:\users\zhimi\documents\dingz\anit11\software\calib\pcrproject-calib18-try139\debug\pcrproject.tlog\rc.write.1.tlog
