c:\users\zding\documents\tachy-2022\zding\software\calib\working\pcrproject-calib18-try140\release\pcrproject.pch
c:\users\zding\documents\tachy-2022\zding\software\calib\working\pcrproject-calib18-try140\release\vc141.pdb
c:\users\zding\documents\tachy-2022\zding\software\calib\working\pcrproject-calib18-try140\release\stdafx.obj
c:\users\zding\documents\tachy-2022\zding\software\calib\working\pcrproject-calib18-try140\release\trimreader.obj
c:\users\zding\documents\tachy-2022\zding\software\calib\working\pcrproject-calib18-try140\release\trimdlg.obj
c:\users\zding\documents\tachy-2022\zding\software\calib\working\pcrproject-calib18-try140\release\thetestdlg.obj
c:\users\zding\documents\tachy-2022\zding\software\calib\working\pcrproject-calib18-try140\release\pcrprojectdlg.obj
c:\users\zding\documents\tachy-2022\zding\software\calib\working\pcrproject-calib18-try140\release\pcrproject.obj
c:\users\zding\documents\tachy-2022\zding\software\calib\working\pcrproject-calib18-try140\release\inttimedlg.obj
c:\users\zding\documents\tachy-2022\zding\software\calib\working\pcrproject-calib18-try140\release\gradlg.obj
c:\users\zding\documents\zding\anit12\software\calib\working\pcrproject-calib18-try140\release\pcrproject.exe
c:\users\zding\documents\zding\anit12\software\calib\working\pcrproject-calib18-try140\release\pcrproject.pdb
c:\users\zding\documents\tachy-2022\zding\software\calib\working\pcrproject-calib18-try140\release\pcrproject.exe
c:\users\zding\documents\tachy-2022\zding\software\calib\working\pcrproject-calib18-try140\release\pcrproject.pdb
c:\users\zding\documents\zding\anit12\software\calib\working\pcrproject-calib18-try140\release\pcrproject.ipdb
c:\users\zding\documents\zding\anit12\software\calib\working\pcrproject-calib18-try140\release\pcrproject.iobj
c:\users\zding\documents\tachy-2022\zding\software\calib\working\pcrproject-calib18-try140\release\pcrproject.ipdb
c:\users\zding\documents\tachy-2022\zding\software\calib\working\pcrproject-calib18-try140\release\pcrproject.iobj
c:\users\zding\documents\tachy-2022\zding\software\calib\working\pcrproject-calib18-try140\release\pcrproject.res
c:\users\zding\documents\tachy-2022\zding\software\calib\working\pcrproject-calib18-try140\release\pcrproject.tlog\cl.command.1.tlog
c:\users\zding\documents\tachy-2022\zding\software\calib\working\pcrproject-calib18-try140\release\pcrproject.tlog\cl.read.1.tlog
c:\users\zding\documents\tachy-2022\zding\software\calib\working\pcrproject-calib18-try140\release\pcrproject.tlog\cl.write.1.tlog
c:\users\zding\documents\tachy-2022\zding\software\calib\working\pcrproject-calib18-try140\release\pcrproject.tlog\link.command.1.tlog
c:\users\zding\documents\tachy-2022\zding\software\calib\working\pcrproject-calib18-try140\release\pcrproject.tlog\link.read.1.tlog
c:\users\zding\documents\tachy-2022\zding\software\calib\working\pcrproject-calib18-try140\release\pcrproject.tlog\link.write.1.tlog
c:\users\zding\documents\tachy-2022\zding\software\calib\working\pcrproject-calib18-try140\release\pcrproject.tlog\pcrproject.write.1u.tlog
c:\users\zding\documents\tachy-2022\zding\software\calib\working\pcrproject-calib18-try140\release\pcrproject.tlog\rc.command.1.tlog
c:\users\zding\documents\tachy-2022\zding\software\calib\working\pcrproject-calib18-try140\release\pcrproject.tlog\rc.read.1.tlog
c:\users\zding\documents\tachy-2022\zding\software\calib\working\pcrproject-calib18-try140\release\pcrproject.tlog\rc.write.1.tlog
